<?xml version="1.0" encoding="UTF-8"?>
<testsuite name="com.phonebook.tests.AddContactNegativeTests" tests="2" skipped="0" failures="0" errors="0" timestamp="2025-08-13T10:56:16.990Z" hostname="MacBook-Pro-von-Kseniia.local" time="13.486">
  <properties/>
  <testcase name="addContactWithInvalidEmailTest" classname="com.phonebook.tests.AddContactNegativeTests" time="1.5"/>
  <testcase name="addContactWithInvalidPhoneTest" classname="com.phonebook.tests.AddContactNegativeTests" time="1.507"/>
  <system-out><![CDATA[]]></system-out>
  <system-err><![CDATA[]]></system-err>
</testsuite>
