<?xml version="1.0" encoding="UTF-8"?>
<testsuite name="com.phonebook.tests.CreateAccountTests" tests="2" skipped="0" failures="0" errors="0" timestamp="2025-08-13T10:56:40.595Z" hostname="MacBook-Pro-von-Kseniia.local" time="11.695">
  <properties/>
  <testcase name="existedUserRegistrationNegativeTest" classname="com.phonebook.tests.CreateAccountTests" time="0.769"/>
  <testcase name="newUserRegistrationWithoutEmailNegativeTest" classname="com.phonebook.tests.CreateAccountTests" time="0.81"/>
  <system-out><![CDATA[]]></system-out>
  <system-err><![CDATA[]]></system-err>
</testsuite>
